EDA Netlist Writer report for cpu_07_11
<<<<<<< HEAD
Mon Nov  7 17:12:49 2016
=======
Mon Nov  7 16:22:17 2016
>>>>>>> 568e18062c4b970211c82d81176e582a7dd4bebc
Quartus II 64-Bit Version 13.0.1 Build 232 06/12/2013 Service Pack 1.78 SJ Web Edition


---------------------
; Table of Contents ;
---------------------
  1. Legal Notice
  2. EDA Netlist Writer Summary
  3. Simulation Settings
  4. Simulation Generated Files
  5. EDA Netlist Writer Messages



----------------
; Legal Notice ;
----------------
Copyright (C) 1991-2013 Altera Corporation
Your use of Altera Corporation's design tools, logic functions 
and other software and tools, and its AMPP partner logic 
functions, and any output files from any of the foregoing 
(including device programming or simulation files), and any 
associated documentation or information are expressly subject 
to the terms and conditions of the Altera Program License 
Subscription Agreement, Altera MegaCore Function License 
Agreement, or other applicable license agreement, including, 
without limitation, that your use is for the sole purpose of 
programming logic devices manufactured by Altera and sold by 
Altera or its authorized distributors.  Please refer to the 
applicable agreement for further details.



+-------------------------------------------------------------------+
; EDA Netlist Writer Summary                                        ;
+---------------------------+---------------------------------------+
<<<<<<< HEAD
; EDA Netlist Writer Status ; Successful - Mon Nov  7 17:12:49 2016 ;
=======
; EDA Netlist Writer Status ; Successful - Mon Nov  7 16:22:17 2016 ;
>>>>>>> 568e18062c4b970211c82d81176e582a7dd4bebc
; Revision Name             ; cpu_07_11                             ;
; Top-level Entity Name     ; cpu_07_11                             ;
; Family                    ; Cyclone II                            ;
; Simulation Files Creation ; Successful                            ;
+---------------------------+---------------------------------------+


+----------------------------------------------------------------------------------------------------------------------------+
; Simulation Settings                                                                                                        ;
+---------------------------------------------------------------------------------------------------+------------------------+
; Option                                                                                            ; Setting                ;
+---------------------------------------------------------------------------------------------------+------------------------+
; Tool Name                                                                                         ; ModelSim-Altera (VHDL) ;
; Generate netlist for functional simulation only                                                   ; Off                    ;
; Time scale                                                                                        ; 1 ps                   ;
; Truncate long hierarchy paths                                                                     ; Off                    ;
; Map illegal HDL characters                                                                        ; Off                    ;
; Flatten buses into individual nodes                                                               ; Off                    ;
; Maintain hierarchy                                                                                ; Off                    ;
; Bring out device-wide set/reset signals as ports                                                  ; Off                    ;
; Enable glitch filtering                                                                           ; Off                    ;
; Do not write top level VHDL entity                                                                ; Off                    ;
; Disable detection of setup and hold time violations in the input registers of bi-directional pins ; Off                    ;
; Architecture name in VHDL output netlist                                                          ; structure              ;
; Generate third-party EDA tool command script for RTL functional simulation                        ; Off                    ;
; Generate third-party EDA tool command script for gate-level simulation                            ; Off                    ;
+---------------------------------------------------------------------------------------------------+------------------------+


+----------------------------------------------------------------------------+
; Simulation Generated Files                                                 ;
+----------------------------------------------------------------------------+
; Generated Files                                                            ;
+----------------------------------------------------------------------------+
; /home/rafaelp/Desktop/cpu_07_11/simulation/modelsim/cpu_07_11.vho          ;
; /home/rafaelp/Desktop/cpu_07_11/simulation/modelsim/cpu_07_11_fast.vho     ;
; /home/rafaelp/Desktop/cpu_07_11/simulation/modelsim/cpu_07_11_vhd.sdo      ;
; /home/rafaelp/Desktop/cpu_07_11/simulation/modelsim/cpu_07_11_vhd_fast.sdo ;
+----------------------------------------------------------------------------+


+-----------------------------+
; EDA Netlist Writer Messages ;
+-----------------------------+
Info: *******************************************************************
Info: Running Quartus II 64-Bit EDA Netlist Writer
    Info: Version 13.0.1 Build 232 06/12/2013 Service Pack 1.78 SJ Web Edition
<<<<<<< HEAD
    Info: Processing started: Mon Nov  7 17:12:49 2016
=======
    Info: Processing started: Mon Nov  7 16:22:16 2016
>>>>>>> 568e18062c4b970211c82d81176e582a7dd4bebc
Info: Command: quartus_eda --read_settings_files=off --write_settings_files=off cpu_07_11 -c cpu_07_11
Info (204026): Generated files "cpu_07_11.vho", "cpu_07_11_fast.vho", "cpu_07_11_vhd.sdo" and "cpu_07_11_vhd_fast.sdo" in directory "/home/rafaelp/Desktop/cpu_07_11/simulation/modelsim/" for EDA simulation tool
Info: Quartus II 64-Bit EDA Netlist Writer was successful. 0 errors, 0 warnings
    Info: Peak virtual memory: 899 megabytes
<<<<<<< HEAD
    Info: Processing ended: Mon Nov  7 17:12:49 2016
    Info: Elapsed time: 00:00:00
=======
    Info: Processing ended: Mon Nov  7 16:22:17 2016
    Info: Elapsed time: 00:00:01
>>>>>>> 568e18062c4b970211c82d81176e582a7dd4bebc
    Info: Total CPU time (on all processors): 00:00:00


