Analysis & Synthesis report for cpu_07_11
Mon Nov  7 17:12:39 2016
Quartus II 64-Bit Version 13.0.1 Build 232 06/12/2013 Service Pack 1.78 SJ Web Edition


---------------------
; Table of Contents ;
---------------------
  1. Legal Notice
  2. Analysis & Synthesis Summary
  3. Analysis & Synthesis Settings
  4. Parallel Compilation
  5. Analysis & Synthesis Source Files Read
  6. Analysis & Synthesis Resource Usage Summary
  7. Analysis & Synthesis Resource Utilization by Entity
  8. General Register Statistics
  9. Port Connectivity Checks: "InstrucoesdaMemoriaROM:rom"
 10. Port Connectivity Checks: "memoria:mem"
 11. Elapsed Time Per Partition
 12. Analysis & Synthesis Messages



----------------
; Legal Notice ;
----------------
Copyright (C) 1991-2013 Altera Corporation
Your use of Altera Corporation's design tools, logic functions 
and other software and tools, and its AMPP partner logic 
functions, and any output files from any of the foregoing 
(including device programming or simulation files), and any 
associated documentation or information are expressly subject 
to the terms and conditions of the Altera Program License 
Subscription Agreement, Altera MegaCore Function License 
Agreement, or other applicable license agreement, including, 
without limitation, that your use is for the sole purpose of 
programming logic devices manufactured by Altera and sold by 
Altera or its authorized distributors.  Please refer to the 
applicable agreement for further details.



+-----------------------------------------------------------------------------------------+
; Analysis & Synthesis Summary                                                            ;
+------------------------------------+----------------------------------------------------+
; Analysis & Synthesis Status        ; Successful - Mon Nov  7 17:12:39 2016              ;
; Quartus II 64-Bit Version          ; 13.0.1 Build 232 06/12/2013 SP 1.78 SJ Web Edition ;
; Revision Name                      ; cpu_07_11                                          ;
; Top-level Entity Name              ; cpu_07_11                                          ;
; Family                             ; Cyclone II                                         ;
; Total logic elements               ; 0                                                  ;
;     Total combinational functions  ; 0                                                  ;
;     Dedicated logic registers      ; 0                                                  ;
; Total registers                    ; 0                                                  ;
; Total pins                         ; 56                                                 ;
; Total virtual pins                 ; 0                                                  ;
; Total memory bits                  ; 0                                                  ;
; Embedded Multiplier 9-bit elements ; 0                                                  ;
; Total PLLs                         ; 0                                                  ;
+------------------------------------+----------------------------------------------------+


+----------------------------------------------------------------------------------------------------------------------+
; Analysis & Synthesis Settings                                                                                        ;
+----------------------------------------------------------------------------+--------------------+--------------------+
; Option                                                                     ; Setting            ; Default Value      ;
+----------------------------------------------------------------------------+--------------------+--------------------+
; Device                                                                     ; EP2C20F484C7       ;                    ;
; Top-level entity name                                                      ; cpu_07_11          ; cpu_07_11          ;
; Family name                                                                ; Cyclone II         ; Cyclone IV GX      ;
; Use smart compilation                                                      ; Off                ; Off                ;
; Enable parallel Assembler and TimeQuest Timing Analyzer during compilation ; On                 ; On                 ;
; Enable compact report table                                                ; Off                ; Off                ;
; Restructure Multiplexers                                                   ; Auto               ; Auto               ;
; Create Debugging Nodes for IP Cores                                        ; Off                ; Off                ;
; Preserve fewer node names                                                  ; On                 ; On                 ;
; Disable OpenCore Plus hardware evaluation                                  ; Off                ; Off                ;
; Verilog Version                                                            ; Verilog_2001       ; Verilog_2001       ;
; VHDL Version                                                               ; VHDL_1993          ; VHDL_1993          ;
; State Machine Processing                                                   ; Auto               ; Auto               ;
; Safe State Machine                                                         ; Off                ; Off                ;
; Extract Verilog State Machines                                             ; On                 ; On                 ;
; Extract VHDL State Machines                                                ; On                 ; On                 ;
; Ignore Verilog initial constructs                                          ; Off                ; Off                ;
; Iteration limit for constant Verilog loops                                 ; 5000               ; 5000               ;
; Iteration limit for non-constant Verilog loops                             ; 250                ; 250                ;
; Add Pass-Through Logic to Inferred RAMs                                    ; On                 ; On                 ;
; Infer RAMs from Raw Logic                                                  ; On                 ; On                 ;
; Parallel Synthesis                                                         ; On                 ; On                 ;
; DSP Block Balancing                                                        ; Auto               ; Auto               ;
; NOT Gate Push-Back                                                         ; On                 ; On                 ;
; Power-Up Don't Care                                                        ; On                 ; On                 ;
; Remove Redundant Logic Cells                                               ; Off                ; Off                ;
; Remove Duplicate Registers                                                 ; On                 ; On                 ;
; Ignore CARRY Buffers                                                       ; Off                ; Off                ;
; Ignore CASCADE Buffers                                                     ; Off                ; Off                ;
; Ignore GLOBAL Buffers                                                      ; Off                ; Off                ;
; Ignore ROW GLOBAL Buffers                                                  ; Off                ; Off                ;
; Ignore LCELL Buffers                                                       ; Off                ; Off                ;
; Ignore SOFT Buffers                                                        ; On                 ; On                 ;
; Limit AHDL Integers to 32 Bits                                             ; Off                ; Off                ;
; Optimization Technique                                                     ; Balanced           ; Balanced           ;
; Carry Chain Length                                                         ; 70                 ; 70                 ;
; Auto Carry Chains                                                          ; On                 ; On                 ;
; Auto Open-Drain Pins                                                       ; On                 ; On                 ;
; Perform WYSIWYG Primitive Resynthesis                                      ; Off                ; Off                ;
; Auto ROM Replacement                                                       ; On                 ; On                 ;
; Auto RAM Replacement                                                       ; On                 ; On                 ;
; Auto Shift Register Replacement                                            ; Auto               ; Auto               ;
; Allow Shift Register Merging across Hierarchies                            ; Auto               ; Auto               ;
; Auto Clock Enable Replacement                                              ; On                 ; On                 ;
; Strict RAM Replacement                                                     ; Off                ; Off                ;
; Allow Synchronous Control Signals                                          ; On                 ; On                 ;
; Force Use of Synchronous Clear Signals                                     ; Off                ; Off                ;
; Auto RAM to Logic Cell Conversion                                          ; Off                ; Off                ;
; Auto Resource Sharing                                                      ; Off                ; Off                ;
; Allow Any RAM Size For Recognition                                         ; Off                ; Off                ;
; Allow Any ROM Size For Recognition                                         ; Off                ; Off                ;
; Allow Any Shift Register Size For Recognition                              ; Off                ; Off                ;
; Use LogicLock Constraints during Resource Balancing                        ; On                 ; On                 ;
; Ignore translate_off and synthesis_off directives                          ; Off                ; Off                ;
; Timing-Driven Synthesis                                                    ; Off                ; Off                ;
; Report Parameter Settings                                                  ; On                 ; On                 ;
; Report Source Assignments                                                  ; On                 ; On                 ;
; Report Connectivity Checks                                                 ; On                 ; On                 ;
; Ignore Maximum Fan-Out Assignments                                         ; Off                ; Off                ;
; Synchronization Register Chain Length                                      ; 2                  ; 2                  ;
; PowerPlay Power Optimization                                               ; Normal compilation ; Normal compilation ;
; HDL message level                                                          ; Level2             ; Level2             ;
; Suppress Register Optimization Related Messages                            ; Off                ; Off                ;
; Number of Removed Registers Reported in Synthesis Report                   ; 5000               ; 5000               ;
; Number of Swept Nodes Reported in Synthesis Report                         ; 5000               ; 5000               ;
; Number of Inverted Registers Reported in Synthesis Report                  ; 100                ; 100                ;
; Clock MUX Protection                                                       ; On                 ; On                 ;
; Auto Gated Clock Conversion                                                ; Off                ; Off                ;
; Block Design Naming                                                        ; Auto               ; Auto               ;
; SDC constraint protection                                                  ; Off                ; Off                ;
; Synthesis Effort                                                           ; Auto               ; Auto               ;
; Shift Register Replacement - Allow Asynchronous Clear Signal               ; On                 ; On                 ;
; Pre-Mapping Resynthesis Optimization                                       ; Off                ; Off                ;
; Analysis & Synthesis Message Level                                         ; Medium             ; Medium             ;
; Disable Register Merging Across Hierarchies                                ; Auto               ; Auto               ;
; Resource Aware Inference For Block RAM                                     ; On                 ; On                 ;
; Synthesis Seed                                                             ; 1                  ; 1                  ;
+----------------------------------------------------------------------------+--------------------+--------------------+


Parallel compilation was disabled, but you have multiple processors available. Enable parallel compilation to reduce compilation time.
+-------------------------------------+
; Parallel Compilation                ;
+----------------------------+--------+
; Processors                 ; Number ;
+----------------------------+--------+
; Number detected on machine ; 8      ;
; Maximum allowed            ; 1      ;
+----------------------------+--------+


+--------------------------------------------------------------------------------------------------------------------------------------------------+
; Analysis & Synthesis Source Files Read                                                                                                           ;
+----------------------------------+-----------------+------------------------+----------------------------------------------------------+---------+
; File Name with User-Entered Path ; Used in Netlist ; File Type              ; File Name with Absolute Path                             ; Library ;
+----------------------------------+-----------------+------------------------+----------------------------------------------------------+---------+
; cpu.v                            ; yes             ; User Verilog HDL File  ; /home/layhana/cpu-pem/Desktop/cpupem/cpu_07_11/cpu.v     ;         ;
; memoria.v                        ; yes             ; User Verilog HDL File  ; /home/layhana/cpu-pem/Desktop/cpupem/cpu_07_11/memoria.v ;         ;
; rom.v                            ; yes             ; User Verilog HDL File  ; /home/layhana/cpu-pem/Desktop/cpupem/cpu_07_11/rom.v     ;         ;
+----------------------------------+-----------------+------------------------+----------------------------------------------------------+---------+


+-----------------------------------------------------+
; Analysis & Synthesis Resource Usage Summary         ;
+---------------------------------------------+-------+
; Resource                                    ; Usage ;
+---------------------------------------------+-------+
;                                             ;       ;
; Total combinational functions               ; 0     ;
; Logic element usage by number of LUT inputs ;       ;
;     -- 4 input functions                    ; 0     ;
;     -- 3 input functions                    ; 0     ;
;     -- <=2 input functions                  ; 0     ;
;                                             ;       ;
; Logic elements by mode                      ;       ;
;     -- normal mode                          ; 0     ;
;     -- arithmetic mode                      ; 0     ;
;                                             ;       ;
; Total registers                             ; 0     ;
;     -- Dedicated logic registers            ; 0     ;
;     -- I/O registers                        ; 0     ;
;                                             ;       ;
; I/O pins                                    ; 56    ;
; Embedded Multiplier 9-bit elements          ; 0     ;
+---------------------------------------------+-------+


+-----------------------------------------------------------------------------------------------------------------------------------------------------------------------------+
; Analysis & Synthesis Resource Utilization by Entity                                                                                                                         ;
+----------------------------+-------------------+--------------+-------------+--------------+---------+-----------+------+--------------+---------------------+--------------+
; Compilation Hierarchy Node ; LC Combinationals ; LC Registers ; Memory Bits ; DSP Elements ; DSP 9x9 ; DSP 18x18 ; Pins ; Virtual Pins ; Full Hierarchy Name ; Library Name ;
+----------------------------+-------------------+--------------+-------------+--------------+---------+-----------+------+--------------+---------------------+--------------+
; |cpu_07_11                 ; 0 (0)             ; 0 (0)        ; 0           ; 0            ; 0       ; 0         ; 56   ; 0            ; |cpu_07_11          ; work         ;
+----------------------------+-------------------+--------------+-------------+--------------+---------+-----------+------+--------------+---------------------+--------------+
Note: For table entries with two numbers listed, the numbers in parentheses indicate the number of resources of the given type used by the specific entity alone. The numbers listed outside of parentheses indicate the total resources of the given type used by the specific entity and all of its sub-entities in the hierarchy.


+------------------------------------------------------+
; General Register Statistics                          ;
+----------------------------------------------+-------+
; Statistic                                    ; Value ;
+----------------------------------------------+-------+
; Total registers                              ; 0     ;
; Number of registers using Synchronous Clear  ; 0     ;
; Number of registers using Synchronous Load   ; 0     ;
; Number of registers using Asynchronous Clear ; 0     ;
; Number of registers using Asynchronous Load  ; 0     ;
; Number of registers using Clock Enable       ; 0     ;
; Number of registers using Preset             ; 0     ;
+----------------------------------------------+-------+


+-------------------------------------------------------------------------------------------------------------------------------------------------------------------------------+
; Port Connectivity Checks: "InstrucoesdaMemoriaROM:rom"                                                                                                                        ;
+---------+--------+----------+-------------------------------------------------------------------------------------------------------------------------------------------------+
; Port    ; Type   ; Severity ; Details                                                                                                                                         ;
+---------+--------+----------+-------------------------------------------------------------------------------------------------------------------------------------------------+
; address ; Input  ; Warning  ; Input port expression (1 bits) is smaller than the input port (4 bits) it drives.  Extra input bit(s) "address[3..1]" will be connected to GND. ;
; dataOut ; Output ; Warning  ; Output or bidir port (8 bits) is wider than the port expression (1 bits) it drives; bit(s) "dataOut[7..1]" have no fanouts                      ;
; dataOut ; Output ; Info     ; Connected to dangling logic. Logic that only feeds a dangling port will be removed.                                                             ;
+---------+--------+----------+-------------------------------------------------------------------------------------------------------------------------------------------------+


+------------------------------------------------------------------------------------------------------------------------------------------------------------------------------------+
; Port Connectivity Checks: "memoria:mem"                                                                                                                                            ;
+------------+--------+----------+---------------------------------------------------------------------------------------------------------------------------------------------------+
; Port       ; Type   ; Severity ; Details                                                                                                                                           ;
+------------+--------+----------+---------------------------------------------------------------------------------------------------------------------------------------------------+
; adress     ; Input  ; Warning  ; Input port expression (1 bits) is smaller than the input port (4 bits) it drives.  Extra input bit(s) "adress[3..1]" will be connected to GND.    ;
; inDataBus  ; Input  ; Warning  ; Input port expression (1 bits) is smaller than the input port (8 bits) it drives.  Extra input bit(s) "inDataBus[7..1]" will be connected to GND. ;
; outDataBus ; Output ; Warning  ; Output or bidir port (8 bits) is wider than the port expression (1 bits) it drives; bit(s) "outDataBus[7..1]" have no fanouts                     ;
; outDataBus ; Output ; Info     ; Connected to dangling logic. Logic that only feeds a dangling port will be removed.                                                               ;
+------------+--------+----------+---------------------------------------------------------------------------------------------------------------------------------------------------+


+-------------------------------+
; Elapsed Time Per Partition    ;
+----------------+--------------+
; Partition Name ; Elapsed Time ;
+----------------+--------------+
; Top            ; 00:00:00     ;
+----------------+--------------+


+-------------------------------+
; Analysis & Synthesis Messages ;
+-------------------------------+
Info: *******************************************************************
Info: Running Quartus II 64-Bit Analysis & Synthesis
    Info: Version 13.0.1 Build 232 06/12/2013 Service Pack 1.78 SJ Web Edition
    Info: Processing started: Mon Nov  7 17:12:39 2016
Info: Command: quartus_map --read_settings_files=on --write_settings_files=off cpu_07_11 -c cpu_07_11
Warning (20028): Parallel compilation is not licensed and has been disabled
Info (12021): Found 1 design units, including 1 entities, in source file cpu.v
    Info (12023): Found entity 1: cpu_07_11
Info (12021): Found 1 design units, including 1 entities, in source file memoria.v
    Info (12023): Found entity 1: memoria
Info (12021): Found 1 design units, including 1 entities, in source file rom.v
    Info (12023): Found entity 1: InstrucoesdaMemoriaROM
Warning (10236): Verilog HDL Implicit Net warning at cpu.v(18): created implicit net for "rd"
Warning (10236): Verilog HDL Implicit Net warning at cpu.v(18): created implicit net for "wr"
Warning (10236): Verilog HDL Implicit Net warning at cpu.v(18): created implicit net for "adress"
Warning (10236): Verilog HDL Implicit Net warning at cpu.v(18): created implicit net for "inDataBus"
Warning (10236): Verilog HDL Implicit Net warning at cpu.v(18): created implicit net for "outDataBus"
Warning (10236): Verilog HDL Implicit Net warning at cpu.v(19): created implicit net for "address"
Warning (10236): Verilog HDL Implicit Net warning at cpu.v(19): created implicit net for "dataOut"
Info (12127): Elaborating entity "cpu_07_11" for the top level hierarchy
Warning (10034): Output port "instMemAddrBus" at cpu.v(8) has no driver
Warning (10034): Output port "dataMemInDataBus" at cpu.v(11) has no driver
Warning (10034): Output port "accOut" at cpu.v(13) has no driver
Warning (10034): Output port "aluOut" at cpu.v(13) has no driver
Warning (10034): Output port "opcode" at cpu.v(14) has no driver
Warning (10034): Output port "mReadFlag" at cpu.v(7) has no driver
Warning (10034): Output port "mWriteFlag" at cpu.v(7) has no driver
Info (12128): Elaborating entity "memoria" for hierarchy "memoria:mem"
Warning (10235): Verilog HDL Always Construct warning at memoria.v(12): variable "adress" is read inside the Always Construct but isn't in the Always Construct's Event Control
Warning (10240): Verilog HDL Always Construct warning at memoria.v(9): inferring latch(es) for variable "outDataBus", which holds its previous value in one or more paths through the always construct
Warning (10235): Verilog HDL Always Construct warning at memoria.v(18): variable "adress" is read inside the Always Construct but isn't in the Always Construct's Event Control
Info (10041): Inferred latch for "outDataBus[0]" at memoria.v(11)
Info (10041): Inferred latch for "outDataBus[1]" at memoria.v(11)
Info (10041): Inferred latch for "outDataBus[2]" at memoria.v(11)
Info (10041): Inferred latch for "outDataBus[3]" at memoria.v(11)
Info (10041): Inferred latch for "outDataBus[4]" at memoria.v(11)
Info (10041): Inferred latch for "outDataBus[5]" at memoria.v(11)
Info (10041): Inferred latch for "outDataBus[6]" at memoria.v(11)
Info (10041): Inferred latch for "outDataBus[7]" at memoria.v(11)
Info (12128): Elaborating entity "InstrucoesdaMemoriaROM" for hierarchy "InstrucoesdaMemoriaROM:rom"
Warning (10030): Net "rom.data_a" at rom.v(5) has no driver or initial value, using a default initial value '0'
Warning (10030): Net "rom.waddr_a" at rom.v(5) has no driver or initial value, using a default initial value '0'
Warning (10030): Net "rom.we_a" at rom.v(5) has no driver or initial value, using a default initial value '0'
Warning (12241): 2 hierarchies have connectivity warnings - see the Connectivity Checks report folder
Warning (13024): Output pins are stuck at VCC or GND
    Warning (13410): Pin "mReadFlag" is stuck at GND
    Warning (13410): Pin "mWriteFlag" is stuck at GND
    Warning (13410): Pin "instMemAddrBus[0]" is stuck at GND
    Warning (13410): Pin "instMemAddrBus[1]" is stuck at GND
    Warning (13410): Pin "instMemAddrBus[2]" is stuck at GND
    Warning (13410): Pin "instMemAddrBus[3]" is stuck at GND
    Warning (13410): Pin "dataMemInDataBus[0]" is stuck at GND
    Warning (13410): Pin "dataMemInDataBus[1]" is stuck at GND
    Warning (13410): Pin "dataMemInDataBus[2]" is stuck at GND
    Warning (13410): Pin "dataMemInDataBus[3]" is stuck at GND
    Warning (13410): Pin "dataMemInDataBus[4]" is stuck at GND
    Warning (13410): Pin "dataMemInDataBus[5]" is stuck at GND
    Warning (13410): Pin "dataMemInDataBus[6]" is stuck at GND
    Warning (13410): Pin "dataMemInDataBus[7]" is stuck at GND
    Warning (13410): Pin "accOut[0]" is stuck at GND
    Warning (13410): Pin "accOut[1]" is stuck at GND
    Warning (13410): Pin "accOut[2]" is stuck at GND
    Warning (13410): Pin "accOut[3]" is stuck at GND
    Warning (13410): Pin "accOut[4]" is stuck at GND
    Warning (13410): Pin "accOut[5]" is stuck at GND
    Warning (13410): Pin "accOut[6]" is stuck at GND
    Warning (13410): Pin "accOut[7]" is stuck at GND
    Warning (13410): Pin "aluOut[0]" is stuck at GND
    Warning (13410): Pin "aluOut[1]" is stuck at GND
    Warning (13410): Pin "aluOut[2]" is stuck at GND
    Warning (13410): Pin "aluOut[3]" is stuck at GND
    Warning (13410): Pin "aluOut[4]" is stuck at GND
    Warning (13410): Pin "aluOut[5]" is stuck at GND
    Warning (13410): Pin "aluOut[6]" is stuck at GND
    Warning (13410): Pin "aluOut[7]" is stuck at GND
    Warning (13410): Pin "opcode[0]" is stuck at GND
    Warning (13410): Pin "opcode[1]" is stuck at GND
    Warning (13410): Pin "opcode[2]" is stuck at GND
    Warning (13410): Pin "opcode[3]" is stuck at GND
Info (16010): Generating hard_block partition "hard_block:auto_generated_inst"
    Info (16011): Adding 0 node(s), including 0 DDIO, 0 PLL, 0 transceiver and 0 LCELL
Warning (21074): Design contains 22 input pin(s) that do not drive logic
    Warning (15610): No output dependent on input pin "clock"
    Warning (15610): No output dependent on input pin "reset"
    Warning (15610): No output dependent on input pin "instMemDataBus[0]"
    Warning (15610): No output dependent on input pin "instMemDataBus[1]"
    Warning (15610): No output dependent on input pin "instMemDataBus[2]"
    Warning (15610): No output dependent on input pin "instMemDataBus[3]"
    Warning (15610): No output dependent on input pin "instMemDataBus[4]"
    Warning (15610): No output dependent on input pin "instMemDataBus[5]"
    Warning (15610): No output dependent on input pin "instMemDataBus[6]"
    Warning (15610): No output dependent on input pin "instMemDataBus[7]"
    Warning (15610): No output dependent on input pin "dataMemAddrBus[0]"
    Warning (15610): No output dependent on input pin "dataMemAddrBus[1]"
    Warning (15610): No output dependent on input pin "dataMemAddrBus[2]"
    Warning (15610): No output dependent on input pin "dataMemAddrBus[3]"
    Warning (15610): No output dependent on input pin "dataMemOutDataBus[0]"
    Warning (15610): No output dependent on input pin "dataMemOutDataBus[1]"
    Warning (15610): No output dependent on input pin "dataMemOutDataBus[2]"
    Warning (15610): No output dependent on input pin "dataMemOutDataBus[3]"
    Warning (15610): No output dependent on input pin "dataMemOutDataBus[4]"
    Warning (15610): No output dependent on input pin "dataMemOutDataBus[5]"
    Warning (15610): No output dependent on input pin "dataMemOutDataBus[6]"
    Warning (15610): No output dependent on input pin "dataMemOutDataBus[7]"
Info (21057): Implemented 56 device resources after synthesis - the final resource count might be different
    Info (21058): Implemented 22 input pins
    Info (21059): Implemented 34 output pins
Info: Quartus II 64-Bit Analysis & Synthesis was successful. 0 errors, 80 warnings
    Info: Peak virtual memory: 698 megabytes
    Info: Processing ended: Mon Nov  7 17:12:39 2016
    Info: Elapsed time: 00:00:00
    Info: Total CPU time (on all processors): 00:00:01


